variable:
X Y 
function:

predicate:
p pr f 
intension predicate:
p pr f 
domain:
b cd 1 0 X at cd, Y at b
[?X]~~p(X).
[?X]pr(X).
[!X](f->(p(X)|~p(X))).
[!Y]pr(Y)

pernex:
[!X][!Y][?X][?PN_0](((~~p(X)&pr(PN_0))&(f->(p(X)|~p(X))))&pr(Y))

zhangheng:
(succ(X,PN_0,NV_0,NV_1)->(((t(X,Y,X,PN_0)->(((~~p(NV_0)&pr(NV_1))&(f)->(p(NV_0)|~p(NV_0))))&pr(Y)))&((((~~p(NV_0)&pr(NV_1))&(f)->(p(NV_0)|~p(NV_0))))&pr(Y))->t(X,Y,X,PN_0)))|t(X,Y,NV_0,NV_1)))
(((~succ(X,PN_0,NV_0,NV_1)|~s(X,Y,NV_0,NV_1))&s(X,Y,X,PN_0))->((t(X,Y,MAX,MAX)->(((~~p(X)&pr(PN_0))&(f)->(p(X)|~p(X))))&pr(Y)))&((((~~p(X)&pr(PN_0))&(f)->(p(X)|~p(X))))&pr(Y))->t(X,Y,MAX,MAX))))
(t(X,Y,MIN,MIN)|(((~~p(MIN)&pr(MIN))&(f)->(p(MIN)|~p(MIN))))&pr(Y)))
(((succ(X,PN_0,NV_0,NV_1)&s(X,Y,NV_0,NV_1))|(((~~p(X)&pr(PN_0))&(f)->(p(X)|~p(X))))&pr(Y)))->s(X,Y,X,PN_0))
~~s(X,Y,MIN,MIN)
