%MIN and MAX domain
#domain min_a(MIN_a).
#domain max_a(MAX_a).
%Variable domain
#domain a(X).
#domain a(MIN_a).
#domain a(MAX_a).
#domain a(NV_0).

%Succ predicate definition
succ_a(A1, A2):-A1==A2-1,a(A1),a(A2).
:-not s_0(MIN_a).
s_0(X):-succ_a(X,NV_0),s_0(NV_0).
p(X)|s_0(X):-not _q.
t_0(MIN_a):-p(MIN_a),not q.
t_0(MIN_a):-not q,not _p(MIN_a).
s_0(X):-not p(X).
s_0(X):-q.
t_0(NV_0):-p(NV_0),t_0(X),succ_a(X,NV_0),not q.
t_0(NV_0):-not q,t_0(X),succ_a(X,NV_0),not _p(NV_0).
:-succ_a(X,NV_0),not q,not t_0(NV_0),not _p(NV_0),not _t_0(X).
t_0(X):-t_0(NV_0),succ_a(X,NV_0).
:-not t_0(X),succ_a(X,NV_0),not _t_0(NV_0).
:-p(X),t_0(MAX_a),not s_0(NV_0),succ_a(X,NV_0),s_0(X),not q.
:-not q,t_0(MAX_a),not s_0(NV_0),succ_a(X,NV_0),s_0(X),not _p(X).
:-not s_0(NV_0),succ_a(X,NV_0),s_0(X),not q,not _p(X),not _t_0(MAX_a).
:-p(X),t_0(MAX_a),max_a(X),s_0(X),not q.
:-not q,t_0(MAX_a),max_a(X),s_0(X),not _p(X).
:-max_a(X),s_0(X),not q,not _p(X),not _t_0(MAX_a).
t_0(MAX_a):-not p(X),not s_0(NV_0),succ_a(X,NV_0),s_0(X).
t_0(MAX_a):-q,not s_0(NV_0),succ_a(X,NV_0),s_0(X).
p(X)|t_0(MAX_a):-not s_0(NV_0),succ_a(X,NV_0),s_0(X),not _q.
:-not p(X),not t_0(MAX_a),not s_0(NV_0),succ_a(X,NV_0),s_0(X).
:-not t_0(MAX_a),not s_0(NV_0),succ_a(X,NV_0),s_0(X),not _q.
t_0(MAX_a):-not p(X),max_a(X),s_0(X).
t_0(MAX_a):-q,max_a(X),s_0(X).
p(X)|t_0(MAX_a):-max_a(X),s_0(X),not _q.
:-not p(X),not t_0(MAX_a),max_a(X),s_0(X).
:-not t_0(MAX_a),max_a(X),s_0(X),not _q.
t_0(X):-not p(NV_0),succ_a(X,NV_0).
t_0(X):-q,succ_a(X,NV_0).
p(NV_0)|t_0(X):-succ_a(X,NV_0),not _q.
:-not p(NV_0),not t_0(X),succ_a(X,NV_0).
:-not t_0(X),succ_a(X,NV_0),not _q.
%NEW variable define
_q:- not q.
_p(MIN_a):- not p(MIN_a).
_t_0(X):- not t_0(X).
