%MIN and MAX domain
#domain min_i(MIN_i).
#domain max_i(MAX_i).
#domain min_e(MIN_e).
#domain max_e(MAX_e).

%Variable domain
#domain i(X).
#domain e(Y).
#domain i(Z).
#domain i(NV_0).
#domain i(NV_1).

%Nega nega predicate define
_cvr(X):- not cvr(X).
_t_0(X,Y,Z):- not t_0(X,Y,Z).
_r_0:- not r_0.
_t_1(X):- not t_1(X).

%Extension predicate define
_i(X):- not i(X).
_set(X,Y):- not set(X,Y).
_succ_i(Z,NV_0):- not succ_i(Z,NV_0).
_max_i(Z):- not max_i(Z).

%Succ predicate definition
succ_i(A1,A2):- A1==A2-1, i(A1), i(A2).

:- not _cvr(X), not i(X).
r_0:- cvr(X), not i(X).
:- not r_0, not _cvr(X), not i(X).
:- not s_0(X,Y,MIN_i).
s_0(X,Y,Z):- succ_i(Z,NV_0), s_0(X,Y,NV_0).
s_0(X,Y,Z):- not i(X).
s_0(X,Y,Z):- not set(X,Y).
s_0(X,Y,Z):- set(Z,Y), not _cvr(Z).
w_0(X,Y,Z):- s_0(Z,NV_0,X), w_0(X,Y,NV_0).
w_0(X,Y,Z).
w_0(X,Y,Z).
w_0(X,Y,Z):- set(Z,Y), not _cvr(Z).
cvr(MIN_i) | t_0(X,Y,MIN_i):- i(X), set(X,Y).
t_0(X,Y,MIN_i):- not set(MIN_i,Y), i(X), set(X,Y).
cvr(Z) | t_0(X,Y,NV_0):- t_0(X,Y,Z), succ_i(Z,NV_0), i(X), set(X,Y).
t_0(X,Y,NV_0):- t_0(X,Y,Z), succ_i(Z,NV_0), i(X), set(X,Y), not set(Z,Y).
:- not cvr(Z), succ_i(Z,NV_0), not t_0(X,Y,NV_0), set(X,Y), i(X), not _t_0(X,Y,Z).
:- not set(Z,Y), succ_i(Z,NV_0), not t_0(X,Y,NV_0), set(X,Y), i(X), not _t_0(X,Y,Z).
t_0(X,Y,Z):- not i(X), succ_i(Z,NV_0).
t_0(X,Y,Z):- not set(X,Y), succ_i(Z,NV_0).
t_0(X,Y,Z):- cvr(Z), set(Z,Y), succ_i(Z,NV_0).
t_0(X,Y,Z):- t_0(X,Y,NV_0), succ_i(Z,NV_0).
:- not i(X), not t_0(X,Y,Z), succ_i(Z,NV_0).
:- not set(X,Y), not t_0(X,Y,Z), succ_i(Z,NV_0).
:- not t_0(X,Y,Z), succ_i(Z,NV_0), not _cvr(Z), set(Z,Y).
:- not t_0(X,Y,Z), succ_i(Z,NV_0), not _t_0(X,Y,NV_0).
cvr(Z):- t_0(X,Y,MAX_i), not w_0(X,Y,NV_0), succ_i(Z,NV_0), w_0(X,Y,Z), i(X), set(X,Y).
:- t_0(X,Y,MAX_i), not w_0(X,Y,NV_0), succ_i(Z,NV_0), w_0(X,Y,Z), i(X), set(X,Y), not set(Z,Y).
:- not cvr(Z), not w_0(X,Y,NV_0), succ_i(Z,NV_0), w_0(X,Y,Z), set(X,Y), i(X), not _t_0(X,Y,MAX_i).
:- not set(Z,Y), not w_0(X,Y,NV_0), succ_i(Z,NV_0), w_0(X,Y,Z), set(X,Y), i(X), not _t_0(X,Y,MAX_i).
cvr(Z):- t_0(X,Y,MAX_i), max_i(Z), w_0(X,Y,Z), i(X), set(X,Y).
:- t_0(X,Y,MAX_i), max_i(Z), w_0(X,Y,Z), i(X), set(X,Y), not set(Z,Y).
:- not cvr(Z), max_i(Z), w_0(X,Y,Z), set(X,Y), i(X), not _t_0(X,Y,MAX_i).
:- not set(Z,Y), max_i(Z), w_0(X,Y,Z), set(X,Y), i(X), not _t_0(X,Y,MAX_i).
t_0(X,Y,MAX_i):- not i(X), not w_0(X,Y,NV_0), succ_i(Z,NV_0), w_0(X,Y,Z).
t_0(X,Y,MAX_i):- not set(X,Y), not w_0(X,Y,NV_0), succ_i(Z,NV_0), w_0(X,Y,Z).
t_0(X,Y,MAX_i):- cvr(Z), set(Z,Y), not w_0(X,Y,NV_0), succ_i(Z,NV_0), w_0(X,Y,Z).
:- not i(X), not t_0(X,Y,MAX_i), not w_0(X,Y,NV_0), succ_i(Z,NV_0), w_0(X,Y,Z).
:- not set(X,Y), not t_0(X,Y,MAX_i), not w_0(X,Y,NV_0), succ_i(Z,NV_0), w_0(X,Y,Z).
:- not t_0(X,Y,MAX_i), not w_0(X,Y,NV_0), succ_i(Z,NV_0), w_0(X,Y,Z), not _cvr(Z), set(Z,Y).
t_0(X,Y,MAX_i):- not i(X), max_i(Z), w_0(X,Y,Z).
t_0(X,Y,MAX_i):- not set(X,Y), max_i(Z), w_0(X,Y,Z).
t_0(X,Y,MAX_i):- cvr(Z), set(Z,Y), max_i(Z), w_0(X,Y,Z).
:- not i(X), not t_0(X,Y,MAX_i), max_i(Z), w_0(X,Y,Z).
:- not set(X,Y), not t_0(X,Y,MAX_i), max_i(Z), w_0(X,Y,Z).
:- not t_0(X,Y,MAX_i), max_i(Z), w_0(X,Y,Z), not _cvr(Z), set(Z,Y).
cvr(X):- r_0, not _cvr(X).
:- not s_1(MIN_i).
s_1(X):- succ_i(X,NV_1), s_1(NV_1).
s_1(X):- not cvr(X), not _cvr(X).
s_1(X):- not _r_0.
s_1(X):- not cvr(X), not _cvr(X), not _r_0.
r_0 | t_1(MIN_i):- cvr(MIN_i).
r_0 | t_1(MIN_i):- not cvr(MIN_i).
t_1(MIN_i):- not r_0, not _cvr(MIN_i).
t_1(MIN_i):- not cvr(MIN_i), not r_0.
r_0:- cvr(X), t_1(MAX_i), not s_1(NV_1), succ_i(X,NV_1), s_1(X).
r_0:- not cvr(X), t_1(MAX_i), not s_1(NV_1), succ_i(X,NV_1), s_1(X).
:- not r_0, t_1(MAX_i), not s_1(NV_1), succ_i(X,NV_1), s_1(X), not _cvr(X).
:- not cvr(X), not r_0, t_1(MAX_i), not s_1(NV_1), succ_i(X,NV_1), s_1(X).
:- not s_1(NV_1), succ_i(X,NV_1), s_1(X), not r_0, not _cvr(X), not _t_1(MAX_i).
:- not cvr(X), not s_1(NV_1), succ_i(X,NV_1), s_1(X), not r_0, not _t_1(MAX_i).
r_0:- cvr(X), t_1(MAX_i), max_i(X), s_1(X).
r_0:- not cvr(X), t_1(MAX_i), max_i(X), s_1(X).
:- not r_0, t_1(MAX_i), max_i(X), s_1(X), not _cvr(X).
:- not cvr(X), not r_0, t_1(MAX_i), max_i(X), s_1(X).
:- max_i(X), s_1(X), not r_0, not _cvr(X), not _t_1(MAX_i).
:- not cvr(X), max_i(X), s_1(X), not r_0, not _t_1(MAX_i).
t_1(MAX_i):- not cvr(X), not s_1(NV_1), succ_i(X,NV_1), s_1(X), not _cvr(X).
t_1(MAX_i):- r_0, not s_1(NV_1), succ_i(X,NV_1), s_1(X).
cvr(X) | t_1(MAX_i):- not s_1(NV_1), succ_i(X,NV_1), s_1(X), not _cvr(X), not _r_0.
:- not cvr(X), not t_1(MAX_i), not s_1(NV_1), succ_i(X,NV_1), s_1(X), not _cvr(X).
:- not t_1(MAX_i), not s_1(NV_1), succ_i(X,NV_1), s_1(X), not _r_0.
t_1(MAX_i):- not cvr(X), max_i(X), s_1(X), not _cvr(X).
t_1(MAX_i):- r_0, max_i(X), s_1(X).
cvr(X) | t_1(MAX_i):- max_i(X), s_1(X), not _cvr(X), not _r_0.
:- not cvr(X), not t_1(MAX_i), max_i(X), s_1(X), not _cvr(X).
:- not t_1(MAX_i), max_i(X), s_1(X), not _r_0.
r_0 | t_1(NV_1):- cvr(NV_1), t_1(X), succ_i(X,NV_1).
r_0 | t_1(NV_1):- not cvr(NV_1), t_1(X), succ_i(X,NV_1).
t_1(NV_1):- not r_0, t_1(X), succ_i(X,NV_1), not _cvr(NV_1).
t_1(NV_1):- not cvr(NV_1), not r_0, t_1(X), succ_i(X,NV_1).
:- succ_i(X,NV_1), not r_0, not t_1(NV_1), not _cvr(NV_1), not _t_1(X).
:- not cvr(NV_1), succ_i(X,NV_1), not r_0, not t_1(NV_1), not _t_1(X).
t_1(X):- not cvr(NV_1), succ_i(X,NV_1), not _cvr(NV_1).
t_1(X):- r_0, succ_i(X,NV_1).
cvr(NV_1) | t_1(X):- succ_i(X,NV_1), not _cvr(NV_1), not _r_0.
t_1(X):- t_1(NV_1), succ_i(X,NV_1).
:- not cvr(NV_1), not t_1(X), succ_i(X,NV_1), not _cvr(NV_1).
:- not t_1(X), succ_i(X,NV_1), not _r_0.
:- not t_1(X), succ_i(X,NV_1), not _t_1(NV_1).
