%MIN and MAX domain
#domain min_i(MIN_i).
#domain max_i(MAX_i).
#domain min_e(MIN_e).
#domain max_e(MAX_e).

%Variable domain
#domain i(X).
#domain e(Y).
#domain e(NV_0).
#domain i(NV_1).

%Nega nega predicate define

%Extension predicate define
_mammal(X):- not mammal(X).
_habitat(X,Y):- not habitat(X,Y).
_land(Y):- not land(Y).
_whale(X):- not whale(X).
_succ_e(Y,NV_0):- not succ_e(Y,NV_0).
_max_e(Y):- not max_e(Y).
_succ_i(X,NV_1):- not succ_i(X,NV_1).
_max_i(X):- not max_i(X).

%Succ predicate definition
succ_e(A1,A2):- A1==A2-1, e(A1), e(A2).
succ_i(A1,A2):- A1==A2-1, i(A1), i(A2).

:- not s_0(X,MIN_e).
s_0(X,Y):- succ_e(Y,NV_0), s_0(X,NV_0).
s_0(X,Y):- not mammal(X).
s_0(X,Y):- habitat(X,Y), land(Y).
_abm(X) | s_0(X,Y).
w_0(X,Y):- succ_e(Y,NV_0), w_0(X,NV_0).
w_0(X,Y):- not mammal(X).
w_0(X,Y):- habitat_vary(X,Y), land_vary(Y).
_abm(X) | w_0(X,Y).
habitat_vary(X,MIN_e) | t_0(X,MIN_e) | abm(X):- mammal(X).
land_vary(MIN_e) | t_0(X,MIN_e) | abm(X):- mammal(X).
habitat_vary(X,NV_0) | abm(X) | t_0(X,NV_0):- t_0(X,Y), succ_e(Y,NV_0), mammal(X).
land_vary(NV_0) | abm(X) | t_0(X,NV_0):- t_0(X,Y), succ_e(Y,NV_0), mammal(X).
_t_0(X,Y):- not habitat_vary(X,NV_0), succ_e(Y,NV_0), not t_0(X,NV_0), not abm(X), mammal(X).
_t_0(X,Y):- not land_vary(NV_0), succ_e(Y,NV_0), not t_0(X,NV_0), not abm(X), mammal(X).
t_0(X,Y):- not mammal(X), succ_e(Y,NV_0).
t_0(X,Y):- habitat_vary(X,NV_0), land_vary(NV_0), succ_e(Y,NV_0).
t_0(X,Y):- abm(X), succ_e(Y,NV_0).
t_0(X,Y):- t_0(X,NV_0), succ_e(Y,NV_0).
:- not mammal(X), not t_0(X,Y), succ_e(Y,NV_0).
_habitat_vary(X,NV_0) | _land_vary(NV_0):- not t_0(X,Y), succ_e(Y,NV_0).
_abm(X):- not t_0(X,Y), succ_e(Y,NV_0).
_t_0(X,NV_0):- not t_0(X,Y), succ_e(Y,NV_0).
habitat_vary(X,Y) | abm(X):- t_0(X,MAX_e), not w_0(X,NV_0), succ_e(Y,NV_0), w_0(X,Y), mammal(X).
land_vary(Y) | abm(X):- t_0(X,MAX_e), not w_0(X,NV_0), succ_e(Y,NV_0), w_0(X,Y), mammal(X).
_t_0(X,MAX_e):- not habitat_vary(X,Y), not w_0(X,NV_0), succ_e(Y,NV_0), w_0(X,Y), not abm(X), mammal(X).
_t_0(X,MAX_e):- not land_vary(Y), not w_0(X,NV_0), succ_e(Y,NV_0), w_0(X,Y), not abm(X), mammal(X).
habitat_vary(X,Y) | abm(X):- t_0(X,MAX_e), max_e(Y), w_0(X,Y), mammal(X).
land_vary(Y) | abm(X):- t_0(X,MAX_e), max_e(Y), w_0(X,Y), mammal(X).
_t_0(X,MAX_e):- not habitat_vary(X,Y), max_e(Y), w_0(X,Y), not abm(X), mammal(X).
_t_0(X,MAX_e):- not land_vary(Y), max_e(Y), w_0(X,Y), not abm(X), mammal(X).
t_0(X,MAX_e):- not mammal(X), not w_0(X,NV_0), succ_e(Y,NV_0), w_0(X,Y).
t_0(X,MAX_e):- habitat_vary(X,Y), land_vary(Y), not w_0(X,NV_0), succ_e(Y,NV_0), w_0(X,Y).
t_0(X,MAX_e):- abm(X), not w_0(X,NV_0), succ_e(Y,NV_0), w_0(X,Y).
:- not mammal(X), not t_0(X,MAX_e), not w_0(X,NV_0), succ_e(Y,NV_0), w_0(X,Y).
_habitat_vary(X,Y) | _land_vary(Y):- not t_0(X,MAX_e), not w_0(X,NV_0), succ_e(Y,NV_0), w_0(X,Y).
_abm(X):- not t_0(X,MAX_e), not w_0(X,NV_0), succ_e(Y,NV_0), w_0(X,Y).
t_0(X,MAX_e):- not mammal(X), max_e(Y), w_0(X,Y).
t_0(X,MAX_e):- habitat_vary(X,Y), land_vary(Y), max_e(Y), w_0(X,Y).
t_0(X,MAX_e):- abm(X), max_e(Y), w_0(X,Y).
:- not mammal(X), not t_0(X,MAX_e), max_e(Y), w_0(X,Y).
_habitat_vary(X,Y) | _land_vary(Y):- not t_0(X,MAX_e), max_e(Y), w_0(X,Y).
_abm(X):- not t_0(X,MAX_e), max_e(Y), w_0(X,Y).
:- not mammal(X), whale(X).
:- habitat(X,Y), land(Y), whale(X).
:- not mammal(X), whale(X).
r_0 | r_0:- land_vary(Y), habitat_vary(X,Y), whale(X).
_land_vary(Y) | r_0:- not r_0, habitat_vary(X,Y), whale(X).
r_0 | _habitat_vary(X,Y):- land_vary(Y), not r_0, whale(X).
_land_vary(Y) | _habitat_vary(X,Y):- not r_0, not r_0, whale(X).
abm(X) | _abm(X):- r_0.
:- not s_1(MIN_i).
s_1(X):- succ_i(X,NV_1), s_1(NV_1).
_abm(X) | s_1(X):- not abm(X).
_r_0 | s_1(X).
s_1(X) | _abm(X) | _r_0:- not abm(X).
r_0 | t_1(MIN_i):- abm(MIN_i).
r_0 | t_1(MIN_i):- not abm(MIN_i).
_abm(MIN_i) | t_1(MIN_i):- not r_0.
t_1(MIN_i):- not abm(MIN_i), not r_0.
r_0:- abm(X), t_1(MAX_i), not s_1(NV_1), succ_i(X,NV_1), s_1(X).
r_0:- not abm(X), t_1(MAX_i), not s_1(NV_1), succ_i(X,NV_1), s_1(X).
_abm(X):- not r_0, t_1(MAX_i), not s_1(NV_1), succ_i(X,NV_1), s_1(X).
:- not abm(X), not r_0, t_1(MAX_i), not s_1(NV_1), succ_i(X,NV_1), s_1(X).
_abm(X) | _t_1(MAX_i):- not s_1(NV_1), succ_i(X,NV_1), s_1(X), not r_0.
_t_1(MAX_i):- not abm(X), not s_1(NV_1), succ_i(X,NV_1), s_1(X), not r_0.
r_0:- abm(X), t_1(MAX_i), max_i(X), s_1(X).
r_0:- not abm(X), t_1(MAX_i), max_i(X), s_1(X).
_abm(X):- not r_0, t_1(MAX_i), max_i(X), s_1(X).
:- not abm(X), not r_0, t_1(MAX_i), max_i(X), s_1(X).
_abm(X) | _t_1(MAX_i):- max_i(X), s_1(X), not r_0.
_t_1(MAX_i):- not abm(X), max_i(X), s_1(X), not r_0.
_abm(X) | t_1(MAX_i):- not abm(X), not s_1(NV_1), succ_i(X,NV_1), s_1(X).
t_1(MAX_i):- r_0, not s_1(NV_1), succ_i(X,NV_1), s_1(X).
abm(X) | _abm(X) | _r_0 | t_1(MAX_i):- not s_1(NV_1), succ_i(X,NV_1), s_1(X).
_abm(X):- not abm(X), not t_1(MAX_i), not s_1(NV_1), succ_i(X,NV_1), s_1(X).
_r_0:- not t_1(MAX_i), not s_1(NV_1), succ_i(X,NV_1), s_1(X).
_abm(X) | t_1(MAX_i):- not abm(X), max_i(X), s_1(X).
t_1(MAX_i):- r_0, max_i(X), s_1(X).
abm(X) | _abm(X) | _r_0 | t_1(MAX_i):- max_i(X), s_1(X).
_abm(X):- not abm(X), not t_1(MAX_i), max_i(X), s_1(X).
_r_0:- not t_1(MAX_i), max_i(X), s_1(X).
r_0 | t_1(NV_1):- abm(NV_1), t_1(X), succ_i(X,NV_1).
r_0 | t_1(NV_1):- not abm(NV_1), t_1(X), succ_i(X,NV_1).
_abm(NV_1) | t_1(NV_1):- not r_0, t_1(X), succ_i(X,NV_1).
t_1(NV_1):- not abm(NV_1), not r_0, t_1(X), succ_i(X,NV_1).
_abm(NV_1) | _t_1(X):- succ_i(X,NV_1), not r_0, not t_1(NV_1).
_t_1(X):- not abm(NV_1), succ_i(X,NV_1), not r_0, not t_1(NV_1).
_abm(NV_1) | t_1(X):- not abm(NV_1), succ_i(X,NV_1).
t_1(X):- r_0, succ_i(X,NV_1).
abm(NV_1) | _abm(NV_1) | _r_0 | t_1(X):- succ_i(X,NV_1).
t_1(X):- t_1(NV_1), succ_i(X,NV_1).
_abm(NV_1):- not abm(NV_1), not t_1(X), succ_i(X,NV_1).
_r_0:- not t_1(X), succ_i(X,NV_1).
_t_1(NV_1):- not t_1(X), succ_i(X,NV_1).
habitat_vary(X,Y):- r_0.
land_vary(Y):- r_0.
