%MIN and MAX domain
#domain min_node(MIN_node).
#domain max_node(MAX_node).

%Variable domain
#domain node(X).
#domain node(Y).
#domain node(NV_0).
#domain node(NV_1).
#domain node(NV_2).

%Nega nega predicate define
_ok:- not ok.
_unset(X):- not unset(X).
_t_0(X,Y):- not t_0(X,Y).
_s_0(X,Y):- not s_0(X,Y).
_t_1(X,Y):- not t_1(X,Y).
_s_1(X,Y):- not s_1(X,Y).

%Extension predicate define
_eq(X,Y):- not eq(X,Y).
_edge(X,Y):- not edge(X,Y).
_succ_node_node(X,Y,NV_0,NV_1):- not succ_node_node(X,Y,NV_0,NV_1).
_max_node(X):- not max_node(X).
_succ_node(Y,NV_2):- not succ_node(Y,NV_2).

%Succ predicate definition
succ_node_node(A,B1,A,B2):- succ_node(B1,B2), node(A), node(B1), node(B2).
succ_node_node(A1,MAX_node,A2,MIN_node):- succ_node(A1,A2), node(A1), node(A2).
succ_node(A1,A2):- A1==A2-1, node(A1), node(A2).

col(X) | uncol(X).
set(X) | unset(X).
:- not s_0(MIN_node,MIN_node).
s_0(X,Y):- succ_node_node(X,Y,NV_0,NV_1), s_0(NV_0,NV_1).
s_0(X,Y):- not eq(X,Y), not unset(X), not unset(Y).
s_0(X,Y):- not _ok.
s_0(X,Y):- not unset(Y), not unset(X), not eq(X,Y), not _ok.
s_0(X,Y):- not eq(X,Y), not unset(X), not unset(Y), not _ok.
ok | t_0(MIN_node,MIN_node):- eq(MIN_node,MIN_node).
ok | t_0(MIN_node,MIN_node):- unset(MIN_node).
ok | t_0(MIN_node,MIN_node):- unset(MIN_node).
ok | t_0(MIN_node,MIN_node):- not _unset(MIN_node), eq(MIN_node,MIN_node).
ok | t_0(MIN_node,MIN_node):- not _unset(MIN_node), eq(MIN_node,MIN_node).
t_0(MIN_node,MIN_node):- not ok, eq(MIN_node,MIN_node).
t_0(MIN_node,MIN_node):- not ok, not _unset(MIN_node).
t_0(MIN_node,MIN_node):- not ok, not _unset(MIN_node).
ok:- t_0(MAX_node,MAX_node), not s_0(NV_0,NV_1), succ_node_node(X,Y,NV_0,NV_1), s_0(X,Y), eq(X,Y).
ok:- unset(X), t_0(MAX_node,MAX_node), not s_0(NV_0,NV_1), succ_node_node(X,Y,NV_0,NV_1), s_0(X,Y).
ok:- unset(Y), t_0(MAX_node,MAX_node), not s_0(NV_0,NV_1), succ_node_node(X,Y,NV_0,NV_1), s_0(X,Y).
ok:- t_0(MAX_node,MAX_node), not s_0(NV_0,NV_1), succ_node_node(X,Y,NV_0,NV_1), s_0(X,Y), eq(X,Y), not _unset(X).
ok:- t_0(MAX_node,MAX_node), not s_0(NV_0,NV_1), succ_node_node(X,Y,NV_0,NV_1), s_0(X,Y), eq(X,Y), not _unset(Y).
:- not ok, t_0(MAX_node,MAX_node), not s_0(NV_0,NV_1), succ_node_node(X,Y,NV_0,NV_1), s_0(X,Y), eq(X,Y).
:- not ok, t_0(MAX_node,MAX_node), not s_0(NV_0,NV_1), succ_node_node(X,Y,NV_0,NV_1), s_0(X,Y), not _unset(X).
:- not ok, t_0(MAX_node,MAX_node), not s_0(NV_0,NV_1), succ_node_node(X,Y,NV_0,NV_1), s_0(X,Y), not _unset(Y).
:- not s_0(NV_0,NV_1), succ_node_node(X,Y,NV_0,NV_1), s_0(X,Y), not ok, eq(X,Y), not _t_0(MAX_node,MAX_node).
:- not s_0(NV_0,NV_1), succ_node_node(X,Y,NV_0,NV_1), s_0(X,Y), not ok, not _unset(X), not _t_0(MAX_node,MAX_node).
:- not s_0(NV_0,NV_1), succ_node_node(X,Y,NV_0,NV_1), s_0(X,Y), not ok, not _unset(Y), not _t_0(MAX_node,MAX_node).
ok:- t_0(MAX_node,MAX_node), max_node(X), max_node(Y), s_0(X,Y), eq(X,Y).
ok:- unset(X), t_0(MAX_node,MAX_node), max_node(X), max_node(Y), s_0(X,Y).
ok:- unset(Y), t_0(MAX_node,MAX_node), max_node(X), max_node(Y), s_0(X,Y).
ok:- t_0(MAX_node,MAX_node), max_node(X), max_node(Y), s_0(X,Y), eq(X,Y), not _unset(X).
ok:- t_0(MAX_node,MAX_node), max_node(X), max_node(Y), s_0(X,Y), eq(X,Y), not _unset(Y).
:- not ok, t_0(MAX_node,MAX_node), max_node(X), max_node(Y), s_0(X,Y), eq(X,Y).
:- not ok, t_0(MAX_node,MAX_node), max_node(X), max_node(Y), s_0(X,Y), not _unset(X).
:- not ok, t_0(MAX_node,MAX_node), max_node(X), max_node(Y), s_0(X,Y), not _unset(Y).
:- max_node(X), max_node(Y), s_0(X,Y), not ok, eq(X,Y), not _t_0(MAX_node,MAX_node).
:- max_node(X), max_node(Y), s_0(X,Y), not ok, not _unset(X), not _t_0(MAX_node,MAX_node).
:- max_node(X), max_node(Y), s_0(X,Y), not ok, not _unset(Y), not _t_0(MAX_node,MAX_node).
t_0(MAX_node,MAX_node):- not eq(X,Y), not unset(X), not unset(Y), not s_0(NV_0,NV_1), succ_node_node(X,Y,NV_0,NV_1), s_0(X,Y).
t_0(MAX_node,MAX_node):- ok, not s_0(NV_0,NV_1), succ_node_node(X,Y,NV_0,NV_1), s_0(X,Y).
unset(X) | unset(Y) | t_0(MAX_node,MAX_node):- not eq(X,Y), not s_0(NV_0,NV_1), succ_node_node(X,Y,NV_0,NV_1), s_0(X,Y), not _ok.
t_0(MAX_node,MAX_node):- not eq(X,Y), not unset(X), not unset(Y), not s_0(NV_0,NV_1), succ_node_node(X,Y,NV_0,NV_1), s_0(X,Y), not _ok.
:- not s_0(NV_0,NV_1), not t_0(MAX_node,MAX_node), not eq(X,Y), not unset(X), not unset(Y), not _s_0(X,Y), succ_node_node(X,Y,NV_0,NV_1).
:- not t_0(MAX_node,MAX_node), not s_0(NV_0,NV_1), succ_node_node(X,Y,NV_0,NV_1), s_0(X,Y), not _ok.
t_0(MAX_node,MAX_node):- not eq(X,Y), not unset(X), not unset(Y), max_node(X), max_node(Y), s_0(X,Y).
t_0(MAX_node,MAX_node):- ok, max_node(X), max_node(Y), s_0(X,Y).
unset(X) | unset(Y) | t_0(MAX_node,MAX_node):- not eq(X,Y), max_node(X), max_node(Y), s_0(X,Y), not _ok.
t_0(MAX_node,MAX_node):- not eq(X,Y), not unset(X), not unset(Y), max_node(X), max_node(Y), s_0(X,Y), not _ok.
:- not t_0(MAX_node,MAX_node), not eq(X,Y), not unset(X), not unset(Y), max_node(X), max_node(Y), not _s_0(X,Y).
:- not t_0(MAX_node,MAX_node), max_node(X), max_node(Y), s_0(X,Y), not _ok.
ok | t_0(NV_0,NV_1):- t_0(X,Y), succ_node_node(X,Y,NV_0,NV_1), eq(NV_0,NV_1).
ok | t_0(NV_0,NV_1):- unset(NV_0), t_0(X,Y), succ_node_node(X,Y,NV_0,NV_1).
ok | t_0(NV_0,NV_1):- unset(NV_1), t_0(X,Y), succ_node_node(X,Y,NV_0,NV_1).
ok | t_0(NV_0,NV_1):- t_0(X,Y), succ_node_node(X,Y,NV_0,NV_1), eq(NV_0,NV_1), not _unset(NV_0).
ok | t_0(NV_0,NV_1):- t_0(X,Y), succ_node_node(X,Y,NV_0,NV_1), eq(NV_0,NV_1), not _unset(NV_1).
t_0(NV_0,NV_1):- not ok, t_0(X,Y), succ_node_node(X,Y,NV_0,NV_1), eq(NV_0,NV_1).
t_0(NV_0,NV_1):- not ok, t_0(X,Y), succ_node_node(X,Y,NV_0,NV_1), not _unset(NV_0).
t_0(NV_0,NV_1):- not ok, t_0(X,Y), succ_node_node(X,Y,NV_0,NV_1), not _unset(NV_1).
:- succ_node_node(X,Y,NV_0,NV_1), not ok, not t_0(NV_0,NV_1), eq(NV_0,NV_1), not _t_0(X,Y).
:- succ_node_node(X,Y,NV_0,NV_1), not ok, not t_0(NV_0,NV_1), not _unset(NV_0), not _t_0(X,Y).
:- succ_node_node(X,Y,NV_0,NV_1), not ok, not t_0(NV_0,NV_1), not _unset(NV_1), not _t_0(X,Y).
t_0(X,Y):- not eq(NV_0,NV_1), not unset(NV_0), not unset(NV_1), succ_node_node(X,Y,NV_0,NV_1).
t_0(X,Y):- ok, succ_node_node(X,Y,NV_0,NV_1).
unset(NV_0) | unset(NV_1) | t_0(X,Y):- not eq(NV_0,NV_1), succ_node_node(X,Y,NV_0,NV_1), not _ok.
t_0(X,Y):- not eq(NV_0,NV_1), not unset(NV_0), not unset(NV_1), succ_node_node(X,Y,NV_0,NV_1), not _ok.
t_0(X,Y):- t_0(NV_0,NV_1), succ_node_node(X,Y,NV_0,NV_1).
:- not t_0(X,Y), not eq(NV_0,NV_1), not unset(NV_0), not unset(NV_1), succ_node_node(X,Y,NV_0,NV_1).
:- not t_0(X,Y), succ_node_node(X,Y,NV_0,NV_1), not _ok.
:- not t_0(X,Y), succ_node_node(X,Y,NV_0,NV_1), not _t_0(NV_0,NV_1).
ok:- set(X), set(Y), not eq(X,Y), not edge(X,Y).
:- not s_1(X,MIN_node).
s_1(X,Y):- succ_node(Y,NV_2), s_1(X,NV_2).
s_1(X,Y):- not unset(X).
s_1(X,Y):- not unset(Y), not edge(X,Y).
s_1(X,Y):- not _ok.
s_1(X,Y):- not unset(X), not _ok.
s_1(X,Y):- not edge(X,Y), not unset(Y), not _ok.
ok | t_1(X,MIN_node):- unset(X), unset(MIN_node).
ok | t_1(X,MIN_node):- unset(X), edge(X,MIN_node).
t_1(X,MIN_node):- not ok, not _unset(MIN_node), not _unset(X).
t_1(X,MIN_node):- not ok, edge(X,MIN_node), not _unset(X).
ok:- unset(Y), unset(X), t_1(X,MAX_node), not s_1(X,NV_2), succ_node(Y,NV_2), s_1(X,Y).
ok:- edge(X,Y), unset(X), t_1(X,MAX_node), not s_1(X,NV_2), succ_node(Y,NV_2), s_1(X,Y).
:- not ok, t_1(X,MAX_node), not s_1(X,NV_2), succ_node(Y,NV_2), s_1(X,Y), not _unset(X), not _unset(Y).
:- not ok, t_1(X,MAX_node), not s_1(X,NV_2), succ_node(Y,NV_2), s_1(X,Y), not _unset(X), edge(X,Y).
:- not s_1(X,NV_2), succ_node(Y,NV_2), s_1(X,Y), not ok, not _unset(Y), not _unset(X), not _t_1(X,MAX_node).
:- not s_1(X,NV_2), succ_node(Y,NV_2), s_1(X,Y), not ok, edge(X,Y), not _unset(X), not _t_1(X,MAX_node).
ok:- unset(Y), unset(X), t_1(X,MAX_node), max_node(Y), s_1(X,Y).
ok:- edge(X,Y), unset(X), t_1(X,MAX_node), max_node(Y), s_1(X,Y).
:- not ok, t_1(X,MAX_node), max_node(Y), s_1(X,Y), not _unset(X), not _unset(Y).
:- not ok, t_1(X,MAX_node), max_node(Y), s_1(X,Y), not _unset(X), edge(X,Y).
:- max_node(Y), s_1(X,Y), not ok, not _unset(Y), not _unset(X), not _t_1(X,MAX_node).
:- max_node(Y), s_1(X,Y), not ok, edge(X,Y), not _unset(X), not _t_1(X,MAX_node).
t_1(X,MAX_node):- not unset(X), not s_1(X,NV_2), succ_node(Y,NV_2), s_1(X,Y).
t_1(X,MAX_node):- not unset(Y), not edge(X,Y), not s_1(X,NV_2), succ_node(Y,NV_2), s_1(X,Y).
t_1(X,MAX_node):- ok, not s_1(X,NV_2), succ_node(Y,NV_2), s_1(X,Y).
unset(X) | t_1(X,MAX_node):- not s_1(X,NV_2), succ_node(Y,NV_2), s_1(X,Y), not _ok.
unset(Y) | t_1(X,MAX_node):- not s_1(X,NV_2), succ_node(Y,NV_2), s_1(X,Y), not edge(X,Y), not _ok.
:- not s_1(X,NV_2), not t_1(X,MAX_node), not unset(X), not _s_1(X,Y), succ_node(Y,NV_2).
:- not s_1(X,NV_2), not t_1(X,MAX_node), not unset(Y), not edge(X,Y), not _s_1(X,Y), succ_node(Y,NV_2).
:- not t_1(X,MAX_node), not s_1(X,NV_2), succ_node(Y,NV_2), s_1(X,Y), not _ok.
t_1(X,MAX_node):- not unset(X), max_node(Y), s_1(X,Y).
t_1(X,MAX_node):- not unset(Y), not edge(X,Y), max_node(Y), s_1(X,Y).
t_1(X,MAX_node):- ok, max_node(Y), s_1(X,Y).
unset(X) | t_1(X,MAX_node):- max_node(Y), s_1(X,Y), not _ok.
unset(Y) | t_1(X,MAX_node):- max_node(Y), s_1(X,Y), not edge(X,Y), not _ok.
:- not t_1(X,MAX_node), not unset(X), max_node(Y), not _s_1(X,Y).
:- not t_1(X,MAX_node), not unset(Y), not edge(X,Y), max_node(Y), not _s_1(X,Y).
:- not t_1(X,MAX_node), max_node(Y), s_1(X,Y), not _ok.
ok | t_1(X,NV_2):- unset(NV_2), unset(X), t_1(X,Y), succ_node(Y,NV_2).
ok | t_1(X,NV_2):- edge(X,NV_2), unset(X), t_1(X,Y), succ_node(Y,NV_2).
t_1(X,NV_2):- not ok, t_1(X,Y), succ_node(Y,NV_2), not _unset(X), not _unset(NV_2).
t_1(X,NV_2):- not ok, t_1(X,Y), succ_node(Y,NV_2), not _unset(X), edge(X,NV_2).
:- succ_node(Y,NV_2), not t_1(X,NV_2), not ok, not _unset(NV_2), not _unset(X), not _t_1(X,Y).
:- succ_node(Y,NV_2), not t_1(X,NV_2), not ok, edge(X,NV_2), not _unset(X), not _t_1(X,Y).
t_1(X,Y):- not unset(X), succ_node(Y,NV_2).
t_1(X,Y):- not unset(NV_2), not edge(X,NV_2), succ_node(Y,NV_2).
t_1(X,Y):- ok, succ_node(Y,NV_2).
unset(X) | t_1(X,Y):- succ_node(Y,NV_2), not _ok.
unset(NV_2) | t_1(X,Y):- succ_node(Y,NV_2), not edge(X,NV_2), not _ok.
t_1(X,Y):- t_1(X,NV_2), succ_node(Y,NV_2).
:- not t_1(X,Y), not unset(X), succ_node(Y,NV_2).
:- not t_1(X,Y), not unset(NV_2), not edge(X,NV_2), succ_node(Y,NV_2).
:- not t_1(X,Y), succ_node(Y,NV_2), not _ok.
:- not t_1(X,Y), succ_node(Y,NV_2), not _t_1(X,NV_2).
ok:- set(X), set(Y), col(X), uncol(Y).
set(X):- ok.
unset(X):- ok.
:- not ok.
