%MIN and MAX domain
#domain min_i(MIN_i).
#domain max_i(MAX_i).
#domain min_e(MIN_e).
#domain max_e(MAX_e).

%Variable domain
#domain i(X).
#domain e(Y).
#domain e(NV_0).
#domain e(NV_1).
#domain i(NV_2).

%Nega nega predicate define
_abm(X):- not abm(X).
_t_0(X,Y):- not t_0(X,Y).
_t_1(X,Y):- not t_1(X,Y).
_r_0:- not r_0.
_t_2(X):- not t_2(X).

%Extension predicate define
_mammal(X):- not mammal(X).
_habitat(X,Y):- not habitat(X,Y).
_land(Y):- not land(Y).
_whale(X):- not whale(X).
_succ_e(Y,NV_0):- not succ_e(Y,NV_0).
_max_e(Y):- not max_e(Y).
_succ_i(X,NV_2):- not succ_i(X,NV_2).
_max_i(X):- not max_i(X).

%Succ predicate definition
succ_e(A1,A2):- A1==A2-1, e(A1), e(A2).
succ_i(A1,A2):- A1==A2-1, i(A1), i(A2).

:- not s_0(X,MIN_e).
s_0(X,Y):- succ_e(Y,NV_0), s_0(X,NV_0).
s_0(X,Y):- not mammal(X).
s_0(X,Y):- habitat(X,Y), land(Y).
s_0(X,Y):- not _abm(X).
t_0(X,MIN_e):- not abm(X), mammal(X), not habitat(X,MIN_e).
t_0(X,MIN_e):- not abm(X), mammal(X), not land(MIN_e).
:- not abm(X), t_0(X,MAX_e), not s_0(X,NV_0), succ_e(Y,NV_0), s_0(X,Y), not habitat(X,Y), mammal(X).
:- not abm(X), t_0(X,MAX_e), not s_0(X,NV_0), succ_e(Y,NV_0), s_0(X,Y), not land(Y), mammal(X).
:- not habitat(X,Y), not s_0(X,NV_0), succ_e(Y,NV_0), s_0(X,Y), not abm(X), mammal(X), not _t_0(X,MAX_e).
:- not land(Y), not s_0(X,NV_0), succ_e(Y,NV_0), s_0(X,Y), not abm(X), mammal(X), not _t_0(X,MAX_e).
:- not abm(X), t_0(X,MAX_e), max_e(Y), s_0(X,Y), not habitat(X,Y), mammal(X).
:- not abm(X), t_0(X,MAX_e), max_e(Y), s_0(X,Y), not land(Y), mammal(X).
:- not habitat(X,Y), max_e(Y), s_0(X,Y), not abm(X), mammal(X), not _t_0(X,MAX_e).
:- not land(Y), max_e(Y), s_0(X,Y), not abm(X), mammal(X), not _t_0(X,MAX_e).
t_0(X,MAX_e):- not mammal(X), not s_0(X,NV_0), succ_e(Y,NV_0), s_0(X,Y).
t_0(X,MAX_e):- habitat(X,Y), land(Y), not s_0(X,NV_0), succ_e(Y,NV_0), s_0(X,Y).
t_0(X,MAX_e):- not s_0(X,NV_0), succ_e(Y,NV_0), s_0(X,Y), not _abm(X).
:- not mammal(X), not t_0(X,MAX_e), not s_0(X,NV_0), succ_e(Y,NV_0), s_0(X,Y).
:- not t_0(X,MAX_e), not s_0(X,NV_0), succ_e(Y,NV_0), s_0(X,Y), habitat(X,Y), land(Y).
:- not t_0(X,MAX_e), not s_0(X,NV_0), succ_e(Y,NV_0), s_0(X,Y), not _abm(X).
t_0(X,MAX_e):- not mammal(X), max_e(Y), s_0(X,Y).
t_0(X,MAX_e):- habitat(X,Y), land(Y), max_e(Y), s_0(X,Y).
t_0(X,MAX_e):- max_e(Y), s_0(X,Y), not _abm(X).
:- not mammal(X), not t_0(X,MAX_e), max_e(Y), s_0(X,Y).
:- not t_0(X,MAX_e), max_e(Y), s_0(X,Y), habitat(X,Y), land(Y).
:- not t_0(X,MAX_e), max_e(Y), s_0(X,Y), not _abm(X).
t_0(X,NV_0):- not abm(X), t_0(X,Y), succ_e(Y,NV_0), mammal(X), not habitat(X,NV_0).
t_0(X,NV_0):- not abm(X), t_0(X,Y), succ_e(Y,NV_0), mammal(X), not land(NV_0).
:- not habitat(X,NV_0), succ_e(Y,NV_0), not t_0(X,NV_0), not abm(X), mammal(X), not _t_0(X,Y).
:- not land(NV_0), succ_e(Y,NV_0), not t_0(X,NV_0), not abm(X), mammal(X), not _t_0(X,Y).
t_0(X,Y):- not mammal(X), succ_e(Y,NV_0).
t_0(X,Y):- habitat(X,NV_0), land(NV_0), succ_e(Y,NV_0).
t_0(X,Y):- succ_e(Y,NV_0), not _abm(X).
t_0(X,Y):- t_0(X,NV_0), succ_e(Y,NV_0).
:- not mammal(X), not t_0(X,Y), succ_e(Y,NV_0).
:- not t_0(X,Y), succ_e(Y,NV_0), habitat(X,NV_0), land(NV_0).
:- not t_0(X,Y), succ_e(Y,NV_0), not _abm(X).
:- not t_0(X,Y), succ_e(Y,NV_0), not _t_0(X,NV_0).
:- not s_1(X,MIN_e).
s_1(X,Y):- succ_e(Y,NV_1), s_1(X,NV_1).
s_1(X,Y):- not mammal(X).
s_1(X,Y):- habitat(X,Y), land(Y).
s_1(X,Y):- not _abm(X).
t_1(X,MIN_e) | abm(X):- not habitat(X,MIN_e), mammal(X).
t_1(X,MIN_e) | abm(X):- not land(MIN_e), mammal(X).
abm(X):- t_1(X,MAX_e), not s_1(X,NV_1), succ_e(Y,NV_1), s_1(X,Y), mammal(X), not habitat(X,Y).
abm(X):- t_1(X,MAX_e), not s_1(X,NV_1), succ_e(Y,NV_1), s_1(X,Y), mammal(X), not land(Y).
:- not habitat(X,Y), not s_1(X,NV_1), succ_e(Y,NV_1), s_1(X,Y), not abm(X), mammal(X), not _t_1(X,MAX_e).
:- not land(Y), not s_1(X,NV_1), succ_e(Y,NV_1), s_1(X,Y), not abm(X), mammal(X), not _t_1(X,MAX_e).
abm(X):- t_1(X,MAX_e), max_e(Y), s_1(X,Y), mammal(X), not habitat(X,Y).
abm(X):- t_1(X,MAX_e), max_e(Y), s_1(X,Y), mammal(X), not land(Y).
:- not habitat(X,Y), max_e(Y), s_1(X,Y), not abm(X), mammal(X), not _t_1(X,MAX_e).
:- not land(Y), max_e(Y), s_1(X,Y), not abm(X), mammal(X), not _t_1(X,MAX_e).
t_1(X,MAX_e):- not mammal(X), not s_1(X,NV_1), succ_e(Y,NV_1), s_1(X,Y).
t_1(X,MAX_e):- habitat(X,Y), land(Y), not s_1(X,NV_1), succ_e(Y,NV_1), s_1(X,Y).
t_1(X,MAX_e):- abm(X), not s_1(X,NV_1), succ_e(Y,NV_1), s_1(X,Y).
:- not mammal(X), not t_1(X,MAX_e), not s_1(X,NV_1), succ_e(Y,NV_1), s_1(X,Y).
:- not t_1(X,MAX_e), not s_1(X,NV_1), succ_e(Y,NV_1), s_1(X,Y), habitat(X,Y), land(Y).
:- not t_1(X,MAX_e), not s_1(X,NV_1), succ_e(Y,NV_1), s_1(X,Y), not _abm(X).
t_1(X,MAX_e):- not mammal(X), max_e(Y), s_1(X,Y).
t_1(X,MAX_e):- habitat(X,Y), land(Y), max_e(Y), s_1(X,Y).
t_1(X,MAX_e):- abm(X), max_e(Y), s_1(X,Y).
:- not mammal(X), not t_1(X,MAX_e), max_e(Y), s_1(X,Y).
:- not t_1(X,MAX_e), max_e(Y), s_1(X,Y), habitat(X,Y), land(Y).
:- not t_1(X,MAX_e), max_e(Y), s_1(X,Y), not _abm(X).
abm(X) | t_1(X,NV_1):- t_1(X,Y), succ_e(Y,NV_1), mammal(X), not habitat(X,NV_1).
abm(X) | t_1(X,NV_1):- t_1(X,Y), succ_e(Y,NV_1), mammal(X), not land(NV_1).
:- not habitat(X,NV_1), succ_e(Y,NV_1), not t_1(X,NV_1), not abm(X), mammal(X), not _t_1(X,Y).
:- not land(NV_1), succ_e(Y,NV_1), not t_1(X,NV_1), not abm(X), mammal(X), not _t_1(X,Y).
t_1(X,Y):- not mammal(X), succ_e(Y,NV_1).
t_1(X,Y):- habitat(X,NV_1), land(NV_1), succ_e(Y,NV_1).
t_1(X,Y):- abm(X), succ_e(Y,NV_1).
t_1(X,Y):- t_1(X,NV_1), succ_e(Y,NV_1).
:- not mammal(X), not t_1(X,Y), succ_e(Y,NV_1).
:- not t_1(X,Y), succ_e(Y,NV_1), habitat(X,NV_1), land(NV_1).
:- not t_1(X,Y), succ_e(Y,NV_1), not _abm(X).
:- not t_1(X,Y), succ_e(Y,NV_1), not _t_1(X,NV_1).
:- not mammal(X), whale(X).
:- habitat(X,Y), land(Y), whale(X).
abm(X):- r_0, not _abm(X).
:- not s_2(MIN_i).
s_2(X):- succ_i(X,NV_2), s_2(NV_2).
s_2(X):- not abm(X), not _abm(X).
s_2(X):- not _r_0.
s_2(X):- not abm(X), not _abm(X), not _r_0.
r_0 | t_2(MIN_i):- abm(MIN_i).
r_0 | t_2(MIN_i):- not abm(MIN_i).
t_2(MIN_i):- not r_0, not _abm(MIN_i).
t_2(MIN_i):- not abm(MIN_i), not r_0.
r_0:- abm(X), t_2(MAX_i), not s_2(NV_2), succ_i(X,NV_2), s_2(X).
r_0:- not abm(X), t_2(MAX_i), not s_2(NV_2), succ_i(X,NV_2), s_2(X).
:- not r_0, t_2(MAX_i), not s_2(NV_2), succ_i(X,NV_2), s_2(X), not _abm(X).
:- not abm(X), not r_0, t_2(MAX_i), not s_2(NV_2), succ_i(X,NV_2), s_2(X).
:- not s_2(NV_2), succ_i(X,NV_2), s_2(X), not r_0, not _abm(X), not _t_2(MAX_i).
:- not abm(X), not s_2(NV_2), succ_i(X,NV_2), s_2(X), not r_0, not _t_2(MAX_i).
r_0:- abm(X), t_2(MAX_i), max_i(X), s_2(X).
r_0:- not abm(X), t_2(MAX_i), max_i(X), s_2(X).
:- not r_0, t_2(MAX_i), max_i(X), s_2(X), not _abm(X).
:- not abm(X), not r_0, t_2(MAX_i), max_i(X), s_2(X).
:- max_i(X), s_2(X), not r_0, not _abm(X), not _t_2(MAX_i).
:- not abm(X), max_i(X), s_2(X), not r_0, not _t_2(MAX_i).
t_2(MAX_i):- not abm(X), not s_2(NV_2), succ_i(X,NV_2), s_2(X), not _abm(X).
t_2(MAX_i):- r_0, not s_2(NV_2), succ_i(X,NV_2), s_2(X).
abm(X) | t_2(MAX_i):- not s_2(NV_2), succ_i(X,NV_2), s_2(X), not _abm(X), not _r_0.
:- not abm(X), not t_2(MAX_i), not s_2(NV_2), succ_i(X,NV_2), s_2(X), not _abm(X).
:- not t_2(MAX_i), not s_2(NV_2), succ_i(X,NV_2), s_2(X), not _r_0.
t_2(MAX_i):- not abm(X), max_i(X), s_2(X), not _abm(X).
t_2(MAX_i):- r_0, max_i(X), s_2(X).
abm(X) | t_2(MAX_i):- max_i(X), s_2(X), not _abm(X), not _r_0.
:- not abm(X), not t_2(MAX_i), max_i(X), s_2(X), not _abm(X).
:- not t_2(MAX_i), max_i(X), s_2(X), not _r_0.
r_0 | t_2(NV_2):- abm(NV_2), t_2(X), succ_i(X,NV_2).
r_0 | t_2(NV_2):- not abm(NV_2), t_2(X), succ_i(X,NV_2).
t_2(NV_2):- not r_0, t_2(X), succ_i(X,NV_2), not _abm(NV_2).
t_2(NV_2):- not abm(NV_2), not r_0, t_2(X), succ_i(X,NV_2).
:- succ_i(X,NV_2), not r_0, not t_2(NV_2), not _abm(NV_2), not _t_2(X).
:- not abm(NV_2), succ_i(X,NV_2), not r_0, not t_2(NV_2), not _t_2(X).
t_2(X):- not abm(NV_2), succ_i(X,NV_2), not _abm(NV_2).
t_2(X):- r_0, succ_i(X,NV_2).
abm(NV_2) | t_2(X):- succ_i(X,NV_2), not _abm(NV_2), not _r_0.
t_2(X):- t_2(NV_2), succ_i(X,NV_2).
:- not abm(NV_2), not t_2(X), succ_i(X,NV_2), not _abm(NV_2).
:- not t_2(X), succ_i(X,NV_2), not _r_0.
:- not t_2(X), succ_i(X,NV_2), not _t_2(NV_2).
