%MIN and MAX domain
#domain min_block(MIN_block).
#domain max_block(MAX_block).

%Variable domain
#domain block(X).
#domain block(NV_0).
#domain block(NV_1).
#domain block(NV_2).

%Nega nega predicate define
_ontable_0_vary(X):- not ontable_0_vary(X).
_ontable_1_vary(X):- not ontable_1_vary(X).
_ontable_2_vary(X):- not ontable_2_vary(X).
_ab_2(X):- not ab_2(X).
_r_0:- not r_0.
_t_0(X):- not t_0(X).
_ab_1(X):- not ab_1(X).
_r_1:- not r_1.
_t_1(X):- not t_1(X).
_ab_0(X):- not ab_0(X).
_r_2:- not r_2.
_t_2(X):- not t_2(X).

%Extension predicate define
_ontable(X):- not ontable(X).
_heavyblock(X):- not heavyblock(X).
_succ_block(X,NV_0):- not succ_block(X,NV_0).
_max_block(X):- not max_block(X).

%Succ predicate definition
succ_block(A1,A2):- A1==A2-1, block(A1), block(A2).

:- not ab_0(X), ontable(X).
r_0 | ab_0_0_vary(X):- ontable_0_vary(X).
ab_0_0_vary(X):- not r_0, not _ontable_0_vary(X).
r_1 | ab_0_1_vary(X):- ontable_1_vary(X).
ab_0_1_vary(X):- not r_1, not _ontable_1_vary(X).
r_2 | ab_0(X):- ontable_2_vary(X).
ab_0(X):- not r_2, not _ontable_2_vary(X).
:- not ab_1(X), not ontable(X).
ab_1_0_vary(X) | ontable_0_vary(X).
ab_1(X) | ontable_1_vary(X).
ontable_2_vary(X):- not ab_1(X).
:- not ab_2(X), heavyblock(X), ontable(X).
r_0 | ab_2(X):- ontable_0_vary(X), heavyblock(X).
ab_2(X):- not r_0, not _ontable_0_vary(X), heavyblock(X).
r_1:- ontable_1_vary(X), not ab_2(X), heavyblock(X).
:- not r_1, not ab_2(X), not _ontable_1_vary(X), heavyblock(X).
r_2:- ontable_2_vary(X), not ab_2(X), heavyblock(X).
:- not r_2, not ab_2(X), not _ontable_2_vary(X), heavyblock(X).
ab_2(X):- r_0, not _ab_2(X).
:- not s_0(MIN_block).
s_0(X):- succ_block(X,NV_0), s_0(NV_0).
s_0(X):- not ab_2(X), not _ab_2(X).
s_0(X):- not _r_0.
s_0(X):- not ab_2(X), not _ab_2(X), not _r_0.
r_0 | t_0(MIN_block):- ab_2(MIN_block).
r_0 | t_0(MIN_block):- not ab_2(MIN_block).
t_0(MIN_block):- not r_0, not _ab_2(MIN_block).
t_0(MIN_block):- not ab_2(MIN_block), not r_0.
r_0:- ab_2(X), t_0(MAX_block), not s_0(NV_0), succ_block(X,NV_0), s_0(X).
r_0:- not ab_2(X), t_0(MAX_block), not s_0(NV_0), succ_block(X,NV_0), s_0(X).
:- not r_0, t_0(MAX_block), not s_0(NV_0), succ_block(X,NV_0), s_0(X), not _ab_2(X).
:- not ab_2(X), not r_0, t_0(MAX_block), not s_0(NV_0), succ_block(X,NV_0), s_0(X).
:- not s_0(NV_0), succ_block(X,NV_0), s_0(X), not r_0, not _ab_2(X), not _t_0(MAX_block).
:- not ab_2(X), not s_0(NV_0), succ_block(X,NV_0), s_0(X), not r_0, not _t_0(MAX_block).
r_0:- ab_2(X), t_0(MAX_block), max_block(X), s_0(X).
r_0:- not ab_2(X), t_0(MAX_block), max_block(X), s_0(X).
:- not r_0, t_0(MAX_block), max_block(X), s_0(X), not _ab_2(X).
:- not ab_2(X), not r_0, t_0(MAX_block), max_block(X), s_0(X).
:- max_block(X), s_0(X), not r_0, not _ab_2(X), not _t_0(MAX_block).
:- not ab_2(X), max_block(X), s_0(X), not r_0, not _t_0(MAX_block).
t_0(MAX_block):- not ab_2(X), not s_0(NV_0), succ_block(X,NV_0), s_0(X), not _ab_2(X).
t_0(MAX_block):- r_0, not s_0(NV_0), succ_block(X,NV_0), s_0(X).
ab_2(X) | t_0(MAX_block):- not s_0(NV_0), succ_block(X,NV_0), s_0(X), not _ab_2(X), not _r_0.
:- not ab_2(X), not t_0(MAX_block), not s_0(NV_0), succ_block(X,NV_0), s_0(X), not _ab_2(X).
:- not t_0(MAX_block), not s_0(NV_0), succ_block(X,NV_0), s_0(X), not _r_0.
t_0(MAX_block):- not ab_2(X), max_block(X), s_0(X), not _ab_2(X).
t_0(MAX_block):- r_0, max_block(X), s_0(X).
ab_2(X) | t_0(MAX_block):- max_block(X), s_0(X), not _ab_2(X), not _r_0.
:- not ab_2(X), not t_0(MAX_block), max_block(X), s_0(X), not _ab_2(X).
:- not t_0(MAX_block), max_block(X), s_0(X), not _r_0.
r_0 | t_0(NV_0):- ab_2(NV_0), t_0(X), succ_block(X,NV_0).
r_0 | t_0(NV_0):- not ab_2(NV_0), t_0(X), succ_block(X,NV_0).
t_0(NV_0):- not r_0, t_0(X), succ_block(X,NV_0), not _ab_2(NV_0).
t_0(NV_0):- not ab_2(NV_0), not r_0, t_0(X), succ_block(X,NV_0).
:- succ_block(X,NV_0), not r_0, not t_0(NV_0), not _ab_2(NV_0), not _t_0(X).
:- not ab_2(NV_0), succ_block(X,NV_0), not r_0, not t_0(NV_0), not _t_0(X).
t_0(X):- not ab_2(NV_0), succ_block(X,NV_0), not _ab_2(NV_0).
t_0(X):- r_0, succ_block(X,NV_0).
ab_2(NV_0) | t_0(X):- succ_block(X,NV_0), not _ab_2(NV_0), not _r_0.
t_0(X):- t_0(NV_0), succ_block(X,NV_0).
:- not ab_2(NV_0), not t_0(X), succ_block(X,NV_0), not _ab_2(NV_0).
:- not t_0(X), succ_block(X,NV_0), not _r_0.
:- not t_0(X), succ_block(X,NV_0), not _t_0(NV_0).
ab_1(X):- r_1, not _ab_1(X).
:- not s_1(MIN_block).
s_1(X):- succ_block(X,NV_1), s_1(NV_1).
s_1(X):- not ab_1(X), not _ab_1(X).
s_1(X):- not _r_1.
s_1(X):- not ab_1(X), not _ab_1(X), not _r_1.
r_1 | t_1(MIN_block):- ab_1(MIN_block).
r_1 | t_1(MIN_block):- not ab_1(MIN_block).
t_1(MIN_block):- not r_1, not _ab_1(MIN_block).
t_1(MIN_block):- not ab_1(MIN_block), not r_1.
r_1:- ab_1(X), t_1(MAX_block), not s_1(NV_1), succ_block(X,NV_1), s_1(X).
r_1:- not ab_1(X), t_1(MAX_block), not s_1(NV_1), succ_block(X,NV_1), s_1(X).
:- not r_1, t_1(MAX_block), not s_1(NV_1), succ_block(X,NV_1), s_1(X), not _ab_1(X).
:- not ab_1(X), not r_1, t_1(MAX_block), not s_1(NV_1), succ_block(X,NV_1), s_1(X).
:- not s_1(NV_1), succ_block(X,NV_1), s_1(X), not r_1, not _ab_1(X), not _t_1(MAX_block).
:- not ab_1(X), not s_1(NV_1), succ_block(X,NV_1), s_1(X), not r_1, not _t_1(MAX_block).
r_1:- ab_1(X), t_1(MAX_block), max_block(X), s_1(X).
r_1:- not ab_1(X), t_1(MAX_block), max_block(X), s_1(X).
:- not r_1, t_1(MAX_block), max_block(X), s_1(X), not _ab_1(X).
:- not ab_1(X), not r_1, t_1(MAX_block), max_block(X), s_1(X).
:- max_block(X), s_1(X), not r_1, not _ab_1(X), not _t_1(MAX_block).
:- not ab_1(X), max_block(X), s_1(X), not r_1, not _t_1(MAX_block).
t_1(MAX_block):- not ab_1(X), not s_1(NV_1), succ_block(X,NV_1), s_1(X), not _ab_1(X).
t_1(MAX_block):- r_1, not s_1(NV_1), succ_block(X,NV_1), s_1(X).
ab_1(X) | t_1(MAX_block):- not s_1(NV_1), succ_block(X,NV_1), s_1(X), not _ab_1(X), not _r_1.
:- not ab_1(X), not t_1(MAX_block), not s_1(NV_1), succ_block(X,NV_1), s_1(X), not _ab_1(X).
:- not t_1(MAX_block), not s_1(NV_1), succ_block(X,NV_1), s_1(X), not _r_1.
t_1(MAX_block):- not ab_1(X), max_block(X), s_1(X), not _ab_1(X).
t_1(MAX_block):- r_1, max_block(X), s_1(X).
ab_1(X) | t_1(MAX_block):- max_block(X), s_1(X), not _ab_1(X), not _r_1.
:- not ab_1(X), not t_1(MAX_block), max_block(X), s_1(X), not _ab_1(X).
:- not t_1(MAX_block), max_block(X), s_1(X), not _r_1.
r_1 | t_1(NV_1):- ab_1(NV_1), t_1(X), succ_block(X,NV_1).
r_1 | t_1(NV_1):- not ab_1(NV_1), t_1(X), succ_block(X,NV_1).
t_1(NV_1):- not r_1, t_1(X), succ_block(X,NV_1), not _ab_1(NV_1).
t_1(NV_1):- not ab_1(NV_1), not r_1, t_1(X), succ_block(X,NV_1).
:- succ_block(X,NV_1), not r_1, not t_1(NV_1), not _ab_1(NV_1), not _t_1(X).
:- not ab_1(NV_1), succ_block(X,NV_1), not r_1, not t_1(NV_1), not _t_1(X).
t_1(X):- not ab_1(NV_1), succ_block(X,NV_1), not _ab_1(NV_1).
t_1(X):- r_1, succ_block(X,NV_1).
ab_1(NV_1) | t_1(X):- succ_block(X,NV_1), not _ab_1(NV_1), not _r_1.
t_1(X):- t_1(NV_1), succ_block(X,NV_1).
:- not ab_1(NV_1), not t_1(X), succ_block(X,NV_1), not _ab_1(NV_1).
:- not t_1(X), succ_block(X,NV_1), not _r_1.
:- not t_1(X), succ_block(X,NV_1), not _t_1(NV_1).
ab_0(X):- r_2, not _ab_0(X).
:- not s_2(MIN_block).
s_2(X):- succ_block(X,NV_2), s_2(NV_2).
s_2(X):- not ab_0(X), not _ab_0(X).
s_2(X):- not _r_2.
s_2(X):- not ab_0(X), not _ab_0(X), not _r_2.
r_2 | t_2(MIN_block):- ab_0(MIN_block).
r_2 | t_2(MIN_block):- not ab_0(MIN_block).
t_2(MIN_block):- not r_2, not _ab_0(MIN_block).
t_2(MIN_block):- not ab_0(MIN_block), not r_2.
r_2:- ab_0(X), t_2(MAX_block), not s_2(NV_2), succ_block(X,NV_2), s_2(X).
r_2:- not ab_0(X), t_2(MAX_block), not s_2(NV_2), succ_block(X,NV_2), s_2(X).
:- not r_2, t_2(MAX_block), not s_2(NV_2), succ_block(X,NV_2), s_2(X), not _ab_0(X).
:- not ab_0(X), not r_2, t_2(MAX_block), not s_2(NV_2), succ_block(X,NV_2), s_2(X).
:- not s_2(NV_2), succ_block(X,NV_2), s_2(X), not r_2, not _ab_0(X), not _t_2(MAX_block).
:- not ab_0(X), not s_2(NV_2), succ_block(X,NV_2), s_2(X), not r_2, not _t_2(MAX_block).
r_2:- ab_0(X), t_2(MAX_block), max_block(X), s_2(X).
r_2:- not ab_0(X), t_2(MAX_block), max_block(X), s_2(X).
:- not r_2, t_2(MAX_block), max_block(X), s_2(X), not _ab_0(X).
:- not ab_0(X), not r_2, t_2(MAX_block), max_block(X), s_2(X).
:- max_block(X), s_2(X), not r_2, not _ab_0(X), not _t_2(MAX_block).
:- not ab_0(X), max_block(X), s_2(X), not r_2, not _t_2(MAX_block).
t_2(MAX_block):- not ab_0(X), not s_2(NV_2), succ_block(X,NV_2), s_2(X), not _ab_0(X).
t_2(MAX_block):- r_2, not s_2(NV_2), succ_block(X,NV_2), s_2(X).
ab_0(X) | t_2(MAX_block):- not s_2(NV_2), succ_block(X,NV_2), s_2(X), not _ab_0(X), not _r_2.
:- not ab_0(X), not t_2(MAX_block), not s_2(NV_2), succ_block(X,NV_2), s_2(X), not _ab_0(X).
:- not t_2(MAX_block), not s_2(NV_2), succ_block(X,NV_2), s_2(X), not _r_2.
t_2(MAX_block):- not ab_0(X), max_block(X), s_2(X), not _ab_0(X).
t_2(MAX_block):- r_2, max_block(X), s_2(X).
ab_0(X) | t_2(MAX_block):- max_block(X), s_2(X), not _ab_0(X), not _r_2.
:- not ab_0(X), not t_2(MAX_block), max_block(X), s_2(X), not _ab_0(X).
:- not t_2(MAX_block), max_block(X), s_2(X), not _r_2.
r_2 | t_2(NV_2):- ab_0(NV_2), t_2(X), succ_block(X,NV_2).
r_2 | t_2(NV_2):- not ab_0(NV_2), t_2(X), succ_block(X,NV_2).
t_2(NV_2):- not r_2, t_2(X), succ_block(X,NV_2), not _ab_0(NV_2).
t_2(NV_2):- not ab_0(NV_2), not r_2, t_2(X), succ_block(X,NV_2).
:- succ_block(X,NV_2), not r_2, not t_2(NV_2), not _ab_0(NV_2), not _t_2(X).
:- not ab_0(NV_2), succ_block(X,NV_2), not r_2, not t_2(NV_2), not _t_2(X).
t_2(X):- not ab_0(NV_2), succ_block(X,NV_2), not _ab_0(NV_2).
t_2(X):- r_2, succ_block(X,NV_2).
ab_0(NV_2) | t_2(X):- succ_block(X,NV_2), not _ab_0(NV_2), not _r_2.
t_2(X):- t_2(NV_2), succ_block(X,NV_2).
:- not ab_0(NV_2), not t_2(X), succ_block(X,NV_2), not _ab_0(NV_2).
:- not t_2(X), succ_block(X,NV_2), not _r_2.
:- not t_2(X), succ_block(X,NV_2), not _t_2(NV_2).
ab_1_0_vary(X):- r_0.
ab_0_0_vary(X):- r_0.
ontable_0_vary(X):- r_0.
ab_0_1_vary(X):- r_1.
ontable_1_vary(X):- r_1.
ontable_2_vary(X):- r_2.
